{"meta": {"format": 3, "version": "7.10.0", "timestamp": "2025-07-26T12:22:03.817523", "branch_coverage": false, "show_contexts": false}, "files": {"src/__init__.py": {"executed_lines": [], "summary": {"covered_lines": 0, "num_statements": 0, "percent_covered": 100.0, "percent_covered_display": "100", "missing_lines": 0, "excluded_lines": 0}, "missing_lines": [], "excluded_lines": [], "functions": {"": {"executed_lines": [], "summary": {"covered_lines": 0, "num_statements": 0, "percent_covered": 100.0, "percent_covered_display": "100", "missing_lines": 0, "excluded_lines": 0}, "missing_lines": [], "excluded_lines": []}}, "classes": {"": {"executed_lines": [], "summary": {"covered_lines": 0, "num_statements": 0, "percent_covered": 100.0, "percent_covered_display": "100", "missing_lines": 0, "excluded_lines": 0}, "missing_lines": [], "excluded_lines": []}}}, "src/auth/__init__.py": {"executed_lines": [0], "summary": {"covered_lines": 0, "num_statements": 0, "percent_covered": 100.0, "percent_covered_display": "100", "missing_lines": 0, "excluded_lines": 0}, "missing_lines": [], "excluded_lines": [], "functions": {"": {"executed_lines": [], "summary": {"covered_lines": 0, "num_statements": 0, "percent_covered": 100.0, "percent_covered_display": "100", "missing_lines": 0, "excluded_lines": 0}, "missing_lines": [], "excluded_lines": []}}, "classes": {"": {"executed_lines": [], "summary": {"covered_lines": 0, "num_statements": 0, "percent_covered": 100.0, "percent_covered_display": "100", "missing_lines": 0, "excluded_lines": 0}, "missing_lines": [], "excluded_lines": []}}}, "src/auth/auth_models.py": {"executed_lines": [1, 4, 5, 6, 7, 8, 10, 13, 14, 15, 16, 19, 20, 21, 22, 23], "summary": {"covered_lines": 15, "num_statements": 124, "percent_covered": 12.096774193548388, "percent_covered_display": "12", "missing_lines": 109, "excluded_lines": 0}, "missing_lines": [25, 26, 27, 29, 30, 32, 33, 34, 36, 37, 38, 39, 40, 41, 42, 43, 45, 46, 47, 48, 49, 51, 52, 53, 56, 59, 60, 62, 65, 86, 101, 119, 120, 121, 123, 124, 128, 130, 136, 138, 140, 142, 143, 144, 145, 147, 148, 150, 151, 152, 153, 154, 155, 156, 157, 159, 160, 162, 164, 171, 172, 174, 175, 177, 179, 186, 187, 189, 190, 192, 194, 201, 202, 204, 205, 207, 209, 210, 212, 213, 215, 218, 224, 229, 231, 232, 234, 237, 242, 244, 246, 250, 252, 254, 255, 258, 260, 265, 267, 268, 270, 272, 279, 280, 282, 283, 285, 287, 288], "excluded_lines": [], "functions": {"UserDatabase.create_user_tables": {"executed_lines": [], "summary": {"covered_lines": 0, "num_statements": 7, "percent_covered": 0.0, "percent_covered_display": "0", "missing_lines": 7, "excluded_lines": 0}, "missing_lines": [62, 65, 86, 101, 119, 120, 121], "excluded_lines": []}, "UserDatabase.create_user": {"executed_lines": [], "summary": {"covered_lines": 0, "num_statements": 19, "percent_covered": 0.0, "percent_covered_display": "0", "missing_lines": 19, "excluded_lines": 0}, "missing_lines": [128, 130, 136, 138, 140, 142, 143, 144, 145, 147, 148, 150, 151, 152, 153, 154, 155, 156, 157], "excluded_lines": []}, "UserDatabase.get_user_by_email": {"executed_lines": [], "summary": {"covered_lines": 0, "num_statements": 4, "percent_covered": 0.0, "percent_covered_display": "0", "missing_lines": 4, "excluded_lines": 0}, "missing_lines": [162, 164, 171, 172], "excluded_lines": []}, "UserDatabase.get_user_by_id": {"executed_lines": [], "summary": {"covered_lines": 0, "num_statements": 4, "percent_covered": 0.0, "percent_covered_display": "0", "missing_lines": 4, "excluded_lines": 0}, "missing_lines": [177, 179, 186, 187], "excluded_lines": []}, "UserDatabase.get_user_by_google_id": {"executed_lines": [], "summary": {"covered_lines": 0, "num_statements": 4, "percent_covered": 0.0, "percent_covered_display": "0", "missing_lines": 4, "excluded_lines": 0}, "missing_lines": [192, 194, 201, 202], "excluded_lines": []}, "UserDatabase.update_last_login": {"executed_lines": [], "summary": {"covered_lines": 0, "num_statements": 3, "percent_covered": 0.0, "percent_covered_display": "0", "missing_lines": 3, "excluded_lines": 0}, "missing_lines": [207, 209, 210], "excluded_lines": []}, "UserDatabase.store_otp": {"executed_lines": [], "summary": {"covered_lines": 0, "num_statements": 4, "percent_covered": 0.0, "percent_covered_display": "0", "missing_lines": 4, "excluded_lines": 0}, "missing_lines": [215, 218, 224, 229], "excluded_lines": []}, "UserDatabase.verify_otp": {"executed_lines": [], "summary": {"covered_lines": 0, "num_statements": 7, "percent_covered": 0.0, "percent_covered_display": "0", "missing_lines": 7, "excluded_lines": 0}, "missing_lines": [234, 237, 242, 244, 246, 250, 252], "excluded_lines": []}, "UserDatabase.create_auth_session": {"executed_lines": [], "summary": {"covered_lines": 0, "num_statements": 3, "percent_covered": 0.0, "percent_covered_display": "0", "missing_lines": 3, "excluded_lines": 0}, "missing_lines": [258, 260, 265], "excluded_lines": []}, "UserDatabase.verify_auth_session": {"executed_lines": [], "summary": {"covered_lines": 0, "num_statements": 4, "percent_covered": 0.0, "percent_covered_display": "0", "missing_lines": 4, "excluded_lines": 0}, "missing_lines": [270, 272, 279, 280], "excluded_lines": []}, "UserDatabase.invalidate_auth_session": {"executed_lines": [], "summary": {"covered_lines": 0, "num_statements": 3, "percent_covered": 0.0, "percent_covered_display": "0", "missing_lines": 3, "excluded_lines": 0}, "missing_lines": [285, 287, 288], "excluded_lines": []}, "": {"executed_lines": [1, 4, 5, 6, 7, 8, 10, 13, 14, 15, 16, 19, 20, 21, 22, 23], "summary": {"covered_lines": 15, "num_statements": 62, "percent_covered": 24.193548387096776, "percent_covered_display": "24", "missing_lines": 47, "excluded_lines": 0}, "missing_lines": [25, 26, 27, 29, 30, 32, 33, 34, 36, 37, 38, 39, 40, 41, 42, 43, 45, 46, 47, 48, 49, 51, 52, 53, 56, 59, 60, 123, 124, 159, 160, 174, 175, 189, 190, 204, 205, 212, 213, 231, 232, 254, 255, 267, 268, 282, 283], "excluded_lines": []}}, "classes": {"AuthType": {"executed_lines": [], "summary": {"covered_lines": 0, "num_statements": 0, "percent_covered": 100.0, "percent_covered_display": "100", "missing_lines": 0, "excluded_lines": 0}, "missing_lines": [], "excluded_lines": []}, "UserSignup": {"executed_lines": [], "summary": {"covered_lines": 0, "num_statements": 0, "percent_covered": 100.0, "percent_covered_display": "100", "missing_lines": 0, "excluded_lines": 0}, "missing_lines": [], "excluded_lines": []}, "UserLogin": {"executed_lines": [], "summary": {"covered_lines": 0, "num_statements": 0, "percent_covered": 100.0, "percent_covered_display": "100", "missing_lines": 0, "excluded_lines": 0}, "missing_lines": [], "excluded_lines": []}, "OTPRequest": {"executed_lines": [], "summary": {"covered_lines": 0, "num_statements": 0, "percent_covered": 100.0, "percent_covered_display": "100", "missing_lines": 0, "excluded_lines": 0}, "missing_lines": [], "excluded_lines": []}, "OTPVerification": {"executed_lines": [], "summary": {"covered_lines": 0, "num_statements": 0, "percent_covered": 100.0, "percent_covered_display": "100", "missing_lines": 0, "excluded_lines": 0}, "missing_lines": [], "excluded_lines": []}, "UserResponse": {"executed_lines": [], "summary": {"covered_lines": 0, "num_statements": 0, "percent_covered": 100.0, "percent_covered_display": "100", "missing_lines": 0, "excluded_lines": 0}, "missing_lines": [], "excluded_lines": []}, "Token": {"executed_lines": [], "summary": {"covered_lines": 0, "num_statements": 0, "percent_covered": 100.0, "percent_covered_display": "100", "missing_lines": 0, "excluded_lines": 0}, "missing_lines": [], "excluded_lines": []}, "GoogleAuthCallback": {"executed_lines": [], "summary": {"covered_lines": 0, "num_statements": 0, "percent_covered": 100.0, "percent_covered_display": "100", "missing_lines": 0, "excluded_lines": 0}, "missing_lines": [], "excluded_lines": []}, "UserDatabase": {"executed_lines": [], "summary": {"covered_lines": 0, "num_statements": 62, "percent_covered": 0.0, "percent_covered_display": "0", "missing_lines": 62, "excluded_lines": 0}, "missing_lines": [62, 65, 86, 101, 119, 120, 121, 128, 130, 136, 138, 140, 142, 143, 144, 145, 147, 148, 150, 151, 152, 153, 154, 155, 156, 157, 162, 164, 171, 172, 177, 179, 186, 187, 192, 194, 201, 202, 207, 209, 210, 215, 218, 224, 229, 234, 237, 242, 244, 246, 250, 252, 258, 260, 265, 270, 272, 279, 280, 285, 287, 288], "excluded_lines": []}, "": {"executed_lines": [1, 4, 5, 6, 7, 8, 10, 13, 14, 15, 16, 19, 20, 21, 22, 23], "summary": {"covered_lines": 15, "num_statements": 62, "percent_covered": 24.193548387096776, "percent_covered_display": "24", "missing_lines": 47, "excluded_lines": 0}, "missing_lines": [25, 26, 27, 29, 30, 32, 33, 34, 36, 37, 38, 39, 40, 41, 42, 43, 45, 46, 47, 48, 49, 51, 52, 53, 56, 59, 60, 123, 124, 159, 160, 174, 175, 189, 190, 204, 205, 212, 213, 231, 232, 254, 255, 267, 268, 282, 283], "excluded_lines": []}}}, "src/auth/auth_routes.py": {"executed_lines": [], "summary": {"covered_lines": 0, "num_statements": 148, "percent_covered": 0.0, "percent_covered_display": "0", "missing_lines": 148, "excluded_lines": 0}, "missing_lines": [5, 6, 7, 8, 9, 11, 15, 19, 21, 24, 26, 27, 31, 33, 34, 40, 41, 42, 48, 49, 51, 52, 58, 59, 60, 66, 69, 70, 78, 80, 81, 82, 88, 89, 90, 91, 92, 97, 100, 101, 102, 103, 106, 107, 108, 110, 112, 117, 118, 119, 120, 121, 126, 127, 131, 133, 134, 140, 141, 142, 148, 149, 155, 156, 162, 164, 166, 168, 169, 170, 171, 172, 177, 178, 182, 184, 185, 190, 193, 194, 197, 200, 203, 205, 206, 209, 211, 218, 219, 220, 221, 222, 227, 228, 232, 234, 235, 241, 242, 247, 250, 251, 252, 258, 260, 263, 264, 266, 273, 274, 279, 282, 283, 284, 285, 288, 290, 292, 294, 295, 296, 297, 298, 303, 304, 308, 310, 312, 316, 317, 320, 324, 325, 329, 330, 332, 342, 344, 345, 346, 352, 353, 357, 359, 361, 370, 371, 372], "excluded_lines": [], "functions": {"signup": {"executed_lines": [], "summary": {"covered_lines": 0, "num_statements": 40, "percent_covered": 0.0, "percent_covered_display": "0", "missing_lines": 40, "excluded_lines": 0}, "missing_lines": [31, 33, 34, 40, 41, 42, 48, 49, 51, 52, 58, 59, 60, 66, 69, 70, 78, 80, 81, 82, 88, 89, 90, 91, 92, 97, 100, 101, 102, 103, 106, 107, 108, 110, 112, 117, 118, 119, 120, 121], "excluded_lines": []}, "login": {"executed_lines": [], "summary": {"covered_lines": 0, "num_statements": 18, "percent_covered": 0.0, "percent_covered_display": "0", "missing_lines": 18, "excluded_lines": 0}, "missing_lines": [131, 133, 134, 140, 141, 142, 148, 149, 155, 156, 162, 164, 166, 168, 169, 170, 171, 172], "excluded_lines": []}, "send_otp": {"executed_lines": [], "summary": {"covered_lines": 0, "num_statements": 18, "percent_covered": 0.0, "percent_covered_display": "0", "missing_lines": 18, "excluded_lines": 0}, "missing_lines": [182, 184, 185, 190, 193, 194, 197, 200, 203, 205, 206, 209, 211, 218, 219, 220, 221, 222], "excluded_lines": []}, "verify_otp": {"executed_lines": [], "summary": {"covered_lines": 0, "num_statements": 29, "percent_covered": 0.0, "percent_covered_display": "0", "missing_lines": 29, "excluded_lines": 0}, "missing_lines": [232, 234, 235, 241, 242, 247, 250, 251, 252, 258, 260, 263, 264, 266, 273, 274, 279, 282, 283, 284, 285, 288, 290, 292, 294, 295, 296, 297, 298], "excluded_lines": []}, "logout": {"executed_lines": [], "summary": {"covered_lines": 0, "num_statements": 6, "percent_covered": 0.0, "percent_covered_display": "0", "missing_lines": 6, "excluded_lines": 0}, "missing_lines": [308, 310, 312, 316, 317, 320], "excluded_lines": []}, "get_current_user_info": {"executed_lines": [], "summary": {"covered_lines": 0, "num_statements": 7, "percent_covered": 0.0, "percent_covered_display": "0", "missing_lines": 7, "excluded_lines": 0}, "missing_lines": [329, 330, 332, 342, 344, 345, 346], "excluded_lines": []}, "auth_health_check": {"executed_lines": [], "summary": {"covered_lines": 0, "num_statements": 6, "percent_covered": 0.0, "percent_covered_display": "0", "missing_lines": 6, "excluded_lines": 0}, "missing_lines": [357, 359, 361, 370, 371, 372], "excluded_lines": []}, "": {"executed_lines": [], "summary": {"covered_lines": 0, "num_statements": 24, "percent_covered": 0.0, "percent_covered_display": "0", "missing_lines": 24, "excluded_lines": 0}, "missing_lines": [5, 6, 7, 8, 9, 11, 15, 19, 21, 24, 26, 27, 126, 127, 177, 178, 227, 228, 303, 304, 324, 325, 352, 353], "excluded_lines": []}}, "classes": {"": {"executed_lines": [], "summary": {"covered_lines": 0, "num_statements": 148, "percent_covered": 0.0, "percent_covered_display": "0", "missing_lines": 148, "excluded_lines": 0}, "missing_lines": [5, 6, 7, 8, 9, 11, 15, 19, 21, 24, 26, 27, 31, 33, 34, 40, 41, 42, 48, 49, 51, 52, 58, 59, 60, 66, 69, 70, 78, 80, 81, 82, 88, 89, 90, 91, 92, 97, 100, 101, 102, 103, 106, 107, 108, 110, 112, 117, 118, 119, 120, 121, 126, 127, 131, 133, 134, 140, 141, 142, 148, 149, 155, 156, 162, 164, 166, 168, 169, 170, 171, 172, 177, 178, 182, 184, 185, 190, 193, 194, 197, 200, 203, 205, 206, 209, 211, 218, 219, 220, 221, 222, 227, 228, 232, 234, 235, 241, 242, 247, 250, 251, 252, 258, 260, 263, 264, 266, 273, 274, 279, 282, 283, 284, 285, 288, 290, 292, 294, 295, 296, 297, 298, 303, 304, 308, 310, 312, 316, 317, 320, 324, 325, 329, 330, 332, 342, 344, 345, 346, 352, 353, 357, 359, 361, 370, 371, 372], "excluded_lines": []}}}, "src/auth/auth_utils.py": {"executed_lines": [1, 5, 6, 7, 8, 9, 10, 11], "summary": {"covered_lines": 7, "num_statements": 169, "percent_covered": 4.1420118343195265, "percent_covered_display": "4", "missing_lines": 162, "excluded_lines": 0}, "missing_lines": [12, 13, 14, 15, 18, 19, 20, 22, 25, 26, 29, 31, 33, 34, 36, 37, 39, 41, 43, 44, 46, 48, 49, 50, 52, 53, 55, 56, 58, 61, 62, 64, 66, 67, 69, 71, 72, 73, 75, 76, 78, 79, 80, 81, 82, 84, 85, 87, 88, 89, 90, 92, 95, 96, 98, 100, 101, 103, 105, 108, 109, 111, 113, 114, 117, 118, 120, 122, 123, 124, 125, 126, 127, 128, 129, 130, 131, 133, 135, 138, 139, 141, 142, 143, 145, 146, 151, 152, 154, 155, 157, 158, 160, 161, 163, 165, 166, 169, 172, 174, 177, 184, 187, 190, 191, 193, 200, 203, 213, 229, 230, 232, 234, 239, 245, 247, 248, 249, 251, 252, 253, 256, 257, 258, 259, 261, 263, 264, 266, 271, 273, 274, 275, 277, 278, 279, 282, 283, 284, 286, 287, 289, 290, 292, 297, 299, 300, 301, 303, 304, 305, 308, 309, 310, 312, 313, 314, 317, 318, 319, 321, 322], "excluded_lines": [], "functions": {"PasswordUtils.hash_password": {"executed_lines": [], "summary": {"covered_lines": 0, "num_statements": 4, "percent_covered": 0.0, "percent_covered_display": "0", "missing_lines": 4, "excluded_lines": 0}, "missing_lines": [29, 31, 33, 34], "excluded_lines": []}, "PasswordUtils.verify_password": {"executed_lines": [], "summary": {"covered_lines": 0, "num_statements": 8, "percent_covered": 0.0, "percent_covered_display": "0", "missing_lines": 8, "excluded_lines": 0}, "missing_lines": [39, 41, 43, 44, 46, 48, 49, 50], "excluded_lines": []}, "PasswordUtils.generate_random_password": {"executed_lines": [], "summary": {"covered_lines": 0, "num_statements": 2, "percent_covered": 0.0, "percent_covered_display": "0", "missing_lines": 2, "excluded_lines": 0}, "missing_lines": [55, 56], "excluded_lines": []}, "JWTUtils.create_access_token": {"executed_lines": [], "summary": {"covered_lines": 0, "num_statements": 7, "percent_covered": 0.0, "percent_covered_display": "0", "missing_lines": 7, "excluded_lines": 0}, "missing_lines": [64, 66, 67, 69, 71, 72, 73], "excluded_lines": []}, "JWTUtils.verify_token": {"executed_lines": [], "summary": {"covered_lines": 0, "num_statements": 5, "percent_covered": 0.0, "percent_covered_display": "0", "missing_lines": 5, "excluded_lines": 0}, "missing_lines": [78, 79, 80, 81, 82], "excluded_lines": []}, "JWTUtils.extract_user_id_from_token": {"executed_lines": [], "summary": {"covered_lines": 0, "num_statements": 4, "percent_covered": 0.0, "percent_covered_display": "0", "missing_lines": 4, "excluded_lines": 0}, "missing_lines": [87, 88, 89, 90], "excluded_lines": []}, "OTPUtils.generate_otp": {"executed_lines": [], "summary": {"covered_lines": 0, "num_statements": 1, "percent_covered": 0.0, "percent_covered_display": "0", "missing_lines": 1, "excluded_lines": 0}, "missing_lines": [98], "excluded_lines": []}, "OTPUtils.generate_secure_otp": {"executed_lines": [], "summary": {"covered_lines": 0, "num_statements": 1, "percent_covered": 0.0, "percent_covered_display": "0", "missing_lines": 1, "excluded_lines": 0}, "missing_lines": [103], "excluded_lines": []}, "SessionUtils.generate_session_token": {"executed_lines": [], "summary": {"covered_lines": 0, "num_statements": 1, "percent_covered": 0.0, "percent_covered_display": "0", "missing_lines": 1, "excluded_lines": 0}, "missing_lines": [111], "excluded_lines": []}, "SessionUtils.extract_device_info": {"executed_lines": [], "summary": {"covered_lines": 0, "num_statements": 14, "percent_covered": 0.0, "percent_covered_display": "0", "missing_lines": 14, "excluded_lines": 0}, "missing_lines": [117, 118, 120, 122, 123, 124, 125, 126, 127, 128, 129, 130, 131, 133], "excluded_lines": []}, "ValidationUtils.is_valid_email": {"executed_lines": [], "summary": {"covered_lines": 0, "num_statements": 3, "percent_covered": 0.0, "percent_covered_display": "0", "missing_lines": 3, "excluded_lines": 0}, "missing_lines": [141, 142, 143], "excluded_lines": []}, "ValidationUtils.is_strong_password": {"executed_lines": [], "summary": {"covered_lines": 0, "num_statements": 9, "percent_covered": 0.0, "percent_covered_display": "0", "missing_lines": 9, "excluded_lines": 0}, "missing_lines": [151, 152, 154, 155, 157, 158, 160, 161, 163], "excluded_lines": []}, "ValidationUtils.sanitize_name": {"executed_lines": [], "summary": {"covered_lines": 0, "num_statements": 1, "percent_covered": 0.0, "percent_covered_display": "0", "missing_lines": 1, "excluded_lines": 0}, "missing_lines": [169], "excluded_lines": []}, "create_user_token": {"executed_lines": [], "summary": {"covered_lines": 0, "num_statements": 10, "percent_covered": 0.0, "percent_covered_display": "0", "missing_lines": 10, "excluded_lines": 0}, "missing_lines": [174, 177, 184, 187, 190, 191, 193, 200, 203, 213], "excluded_lines": []}, "get_current_user": {"executed_lines": [], "summary": {"covered_lines": 0, "num_statements": 15, "percent_covered": 0.0, "percent_covered_display": "0", "missing_lines": 15, "excluded_lines": 0}, "missing_lines": [239, 245, 247, 248, 249, 251, 252, 253, 256, 257, 258, 259, 261, 263, 264], "excluded_lines": []}, "get_current_user_optional": {"executed_lines": [], "summary": {"covered_lines": 0, "num_statements": 12, "percent_covered": 0.0, "percent_covered_display": "0", "missing_lines": 12, "excluded_lines": 0}, "missing_lines": [271, 273, 274, 275, 277, 278, 279, 282, 283, 284, 286, 287], "excluded_lines": []}, "get_optional_user": {"executed_lines": [], "summary": {"covered_lines": 0, "num_statements": 18, "percent_covered": 0.0, "percent_covered_display": "0", "missing_lines": 18, "excluded_lines": 0}, "missing_lines": [297, 299, 300, 301, 303, 304, 305, 308, 309, 310, 312, 313, 314, 317, 318, 319, 321, 322], "excluded_lines": []}, "": {"executed_lines": [1, 5, 6, 7, 8, 9, 10, 11], "summary": {"covered_lines": 7, "num_statements": 54, "percent_covered": 12.962962962962964, "percent_covered_display": "13", "missing_lines": 47, "excluded_lines": 0}, "missing_lines": [12, 13, 14, 15, 18, 19, 20, 22, 25, 26, 36, 37, 52, 53, 58, 61, 62, 75, 76, 84, 85, 92, 95, 96, 100, 101, 105, 108, 109, 113, 114, 135, 138, 139, 145, 146, 165, 166, 172, 229, 230, 232, 234, 266, 289, 290, 292], "excluded_lines": []}}, "classes": {"PasswordUtils": {"executed_lines": [], "summary": {"covered_lines": 0, "num_statements": 14, "percent_covered": 0.0, "percent_covered_display": "0", "missing_lines": 14, "excluded_lines": 0}, "missing_lines": [29, 31, 33, 34, 39, 41, 43, 44, 46, 48, 49, 50, 55, 56], "excluded_lines": []}, "JWTUtils": {"executed_lines": [], "summary": {"covered_lines": 0, "num_statements": 16, "percent_covered": 0.0, "percent_covered_display": "0", "missing_lines": 16, "excluded_lines": 0}, "missing_lines": [64, 66, 67, 69, 71, 72, 73, 78, 79, 80, 81, 82, 87, 88, 89, 90], "excluded_lines": []}, "OTPUtils": {"executed_lines": [], "summary": {"covered_lines": 0, "num_statements": 2, "percent_covered": 0.0, "percent_covered_display": "0", "missing_lines": 2, "excluded_lines": 0}, "missing_lines": [98, 103], "excluded_lines": []}, "SessionUtils": {"executed_lines": [], "summary": {"covered_lines": 0, "num_statements": 15, "percent_covered": 0.0, "percent_covered_display": "0", "missing_lines": 15, "excluded_lines": 0}, "missing_lines": [111, 117, 118, 120, 122, 123, 124, 125, 126, 127, 128, 129, 130, 131, 133], "excluded_lines": []}, "ValidationUtils": {"executed_lines": [], "summary": {"covered_lines": 0, "num_statements": 13, "percent_covered": 0.0, "percent_covered_display": "0", "missing_lines": 13, "excluded_lines": 0}, "missing_lines": [141, 142, 143, 151, 152, 154, 155, 157, 158, 160, 161, 163, 169], "excluded_lines": []}, "": {"executed_lines": [1, 5, 6, 7, 8, 9, 10, 11], "summary": {"covered_lines": 7, "num_statements": 109, "percent_covered": 6.422018348623853, "percent_covered_display": "6", "missing_lines": 102, "excluded_lines": 0}, "missing_lines": [12, 13, 14, 15, 18, 19, 20, 22, 25, 26, 36, 37, 52, 53, 58, 61, 62, 75, 76, 84, 85, 92, 95, 96, 100, 101, 105, 108, 109, 113, 114, 135, 138, 139, 145, 146, 165, 166, 172, 174, 177, 184, 187, 190, 191, 193, 200, 203, 213, 229, 230, 232, 234, 239, 245, 247, 248, 249, 251, 252, 253, 256, 257, 258, 259, 261, 263, 264, 266, 271, 273, 274, 275, 277, 278, 279, 282, 283, 284, 286, 287, 289, 290, 292, 297, 299, 300, 301, 303, 304, 305, 308, 309, 310, 312, 313, 314, 317, 318, 319, 321, 322], "excluded_lines": []}}}, "src/core/__init__.py": {"executed_lines": [0], "summary": {"covered_lines": 0, "num_statements": 0, "percent_covered": 100.0, "percent_covered_display": "100", "missing_lines": 0, "excluded_lines": 0}, "missing_lines": [], "excluded_lines": [], "functions": {"": {"executed_lines": [], "summary": {"covered_lines": 0, "num_statements": 0, "percent_covered": 100.0, "percent_covered_display": "100", "missing_lines": 0, "excluded_lines": 0}, "missing_lines": [], "excluded_lines": []}}, "classes": {"": {"executed_lines": [], "summary": {"covered_lines": 0, "num_statements": 0, "percent_covered": 100.0, "percent_covered_display": "100", "missing_lines": 0, "excluded_lines": 0}, "missing_lines": [], "excluded_lines": []}}}, "src/core/database.py": {"executed_lines": [1, 2, 3, 4, 5, 6, 8, 11, 12, 22, 23, 24, 26, 28, 29, 30, 31, 34, 38, 55, 58, 59, 60, 61, 62, 63, 64, 65, 67, 69, 72, 78, 80, 81, 82, 83, 84, 89, 96, 97, 128, 135, 143, 146, 234, 318, 350, 372, 409, 444, 474, 497, 523, 560, 586, 640, 666, 699, 713, 731, 749, 788], "summary": {"covered_lines": 62, "num_statements": 406, "percent_covered": 15.270935960591133, "percent_covered_display": "15", "missing_lines": 344, "excluded_lines": 0}, "missing_lines": [35, 36, 56, 70, 73, 74, 75, 76, 85, 86, 87, 91, 92, 93, 94, 99, 100, 102, 103, 104, 105, 107, 108, 109, 110, 111, 112, 113, 114, 115, 117, 118, 119, 120, 121, 122, 123, 124, 125, 126, 130, 131, 132, 133, 137, 138, 139, 140, 148, 149, 152, 173, 186, 202, 220, 221, 222, 223, 226, 228, 230, 231, 232, 236, 237, 240, 241, 245, 246, 247, 248, 250, 253, 254, 257, 258, 259, 260, 262, 265, 266, 270, 271, 272, 273, 275, 278, 279, 282, 283, 284, 285, 287, 290, 291, 295, 296, 297, 300, 301, 305, 306, 307, 308, 310, 312, 314, 315, 316, 321, 322, 327, 328, 339, 340, 343, 344, 346, 347, 348, 352, 353, 358, 359, 361, 362, 365, 366, 368, 369, 370, 374, 375, 376, 383, 385, 391, 393, 396, 397, 398, 399, 400, 401, 403, 405, 406, 407, 411, 412, 417, 418, 429, 430, 433, 434, 437, 438, 440, 441, 442, 446, 447, 453, 454, 462, 463, 464, 465, 467, 468, 470, 471, 472, 476, 477, 483, 485, 486, 487, 488, 490, 491, 493, 494, 495, 499, 500, 506, 508, 509, 510, 511, 512, 513, 514, 515, 517, 519, 520, 521, 525, 526, 527, 534, 536, 542, 544, 547, 548, 549, 550, 551, 552, 554, 556, 557, 558, 562, 563, 564, 569, 571, 576, 578, 579, 581, 582, 583, 588, 589, 592, 595, 596, 597, 600, 604, 607, 612, 615, 616, 617, 618, 619, 621, 623, 624, 625, 626, 628, 629, 630, 632, 633, 635, 636, 637, 638, 642, 643, 644, 649, 651, 656, 658, 659, 660, 662, 663, 664, 668, 669, 670, 675, 676, 677, 682, 684, 689, 691, 692, 693, 695, 696, 697, 701, 702, 707, 708, 709, 710, 711, 715, 716, 724, 725, 727, 728, 729, 733, 734, 742, 743, 745, 746, 747, 751, 753, 754, 756, 757, 758, 760, 761, 762, 764, 765, 767, 768, 770, 776, 777, 778, 779, 781, 782, 784, 785, 786, 790, 791, 794, 809, 810, 812, 813, 814, 817, 832, 834, 836, 841, 842, 843], "excluded_lines": [], "functions": {"get_db_config": {"executed_lines": [12], "summary": {"covered_lines": 1, "num_statements": 1, "percent_covered": 100.0, "percent_covered_display": "100", "missing_lines": 0, "excluded_lines": 0}, "missing_lines": [], "excluded_lines": []}, "DatabaseManager.__init__": {"executed_lines": [24], "summary": {"covered_lines": 1, "num_statements": 1, "percent_covered": 100.0, "percent_covered_display": "100", "missing_lines": 0, "excluded_lines": 0}, "missing_lines": [], "excluded_lines": []}, "DatabaseManager.initialize": {"executed_lines": [28, 29, 30, 31, 34, 38, 55, 58, 59, 60, 61, 62, 63, 64, 65], "summary": {"covered_lines": 15, "num_statements": 18, "percent_covered": 83.33333333333333, "percent_covered_display": "83", "missing_lines": 3, "excluded_lines": 0}, "missing_lines": [35, 36, 56], "excluded_lines": []}, "DatabaseManager.test_connection": {"executed_lines": [69, 72], "summary": {"covered_lines": 2, "num_statements": 7, "percent_covered": 28.571428571428573, "percent_covered_display": "29", "missing_lines": 5, "excluded_lines": 0}, "missing_lines": [70, 73, 74, 75, 76], "excluded_lines": []}, "DatabaseManager.reconnect": {"executed_lines": [80, 81, 82, 83, 84], "summary": {"covered_lines": 5, "num_statements": 8, "percent_covered": 62.5, "percent_covered_display": "62", "missing_lines": 3, "excluded_lines": 0}, "missing_lines": [85, 86, 87], "excluded_lines": []}, "DatabaseManager.close": {"executed_lines": [], "summary": {"covered_lines": 0, "num_statements": 4, "percent_covered": 0.0, "percent_covered_display": "0", "missing_lines": 4, "excluded_lines": 0}, "missing_lines": [91, 92, 93, 94], "excluded_lines": []}, "DatabaseManager.get_connection": {"executed_lines": [], "summary": {"covered_lines": 0, "num_statements": 25, "percent_covered": 0.0, "percent_covered_display": "0", "missing_lines": 25, "excluded_lines": 0}, "missing_lines": [99, 100, 102, 103, 104, 105, 107, 108, 109, 110, 111, 112, 113, 114, 115, 117, 118, 119, 120, 121, 122, 123, 124, 125, 126], "excluded_lines": []}, "DatabaseManager.execute_query": {"executed_lines": [], "summary": {"covered_lines": 0, "num_statements": 4, "percent_covered": 0.0, "percent_covered_display": "0", "missing_lines": 4, "excluded_lines": 0}, "missing_lines": [130, 131, 132, 133], "excluded_lines": []}, "DatabaseManager.execute_update": {"executed_lines": [], "summary": {"covered_lines": 0, "num_statements": 4, "percent_covered": 0.0, "percent_covered_display": "0", "missing_lines": 4, "excluded_lines": 0}, "missing_lines": [137, 138, 139, 140], "excluded_lines": []}, "create_tables": {"executed_lines": [], "summary": {"covered_lines": 0, "num_statements": 15, "percent_covered": 0.0, "percent_covered_display": "0", "missing_lines": 15, "excluded_lines": 0}, "missing_lines": [148, 149, 152, 173, 186, 202, 220, 221, 222, 223, 226, 228, 230, 231, 232], "excluded_lines": []}, "run_migrations": {"executed_lines": [], "summary": {"covered_lines": 0, "num_statements": 46, "percent_covered": 0.0, "percent_covered_display": "0", "missing_lines": 46, "excluded_lines": 0}, "missing_lines": [236, 237, 240, 241, 245, 246, 247, 248, 250, 253, 254, 257, 258, 259, 260, 262, 265, 266, 270, 271, 272, 273, 275, 278, 279, 282, 283, 284, 285, 287, 290, 291, 295, 296, 297, 300, 301, 305, 306, 307, 308, 310, 312, 314, 315, 316], "excluded_lines": []}, "save_story": {"executed_lines": [], "summary": {"covered_lines": 0, "num_statements": 11, "percent_covered": 0.0, "percent_covered_display": "0", "missing_lines": 11, "excluded_lines": 0}, "missing_lines": [321, 322, 327, 328, 339, 340, 343, 344, 346, 347, 348], "excluded_lines": []}, "save_fun_facts": {"executed_lines": [], "summary": {"covered_lines": 0, "num_statements": 11, "percent_covered": 0.0, "percent_covered_display": "0", "missing_lines": 11, "excluded_lines": 0}, "missing_lines": [352, 353, 358, 359, 361, 362, 365, 366, 368, 369, 370], "excluded_lines": []}, "get_recent_stories": {"executed_lines": [], "summary": {"covered_lines": 0, "num_statements": 17, "percent_covered": 0.0, "percent_covered_display": "0", "missing_lines": 17, "excluded_lines": 0}, "missing_lines": [374, 375, 376, 383, 385, 391, 393, 396, 397, 398, 399, 400, 401, 403, 405, 406, 407], "excluded_lines": []}, "create_story_placeholder": {"executed_lines": [], "summary": {"covered_lines": 0, "num_statements": 13, "percent_covered": 0.0, "percent_covered_display": "0", "missing_lines": 13, "excluded_lines": 0}, "missing_lines": [411, 412, 417, 418, 429, 430, 433, 434, 437, 438, 440, 441, 442], "excluded_lines": []}, "update_story_content": {"executed_lines": [], "summary": {"covered_lines": 0, "num_statements": 13, "percent_covered": 0.0, "percent_covered_display": "0", "missing_lines": 13, "excluded_lines": 0}, "missing_lines": [446, 447, 453, 454, 462, 463, 464, 465, 467, 468, 470, 471, 472], "excluded_lines": []}, "update_story_status": {"executed_lines": [], "summary": {"covered_lines": 0, "num_statements": 12, "percent_covered": 0.0, "percent_covered_display": "0", "missing_lines": 12, "excluded_lines": 0}, "missing_lines": [476, 477, 483, 485, 486, 487, 488, 490, 491, 493, 494, 495], "excluded_lines": []}, "get_story_by_id": {"executed_lines": [], "summary": {"covered_lines": 0, "num_statements": 15, "percent_covered": 0.0, "percent_covered_display": "0", "missing_lines": 15, "excluded_lines": 0}, "missing_lines": [499, 500, 506, 508, 509, 510, 511, 512, 513, 514, 515, 517, 519, 520, 521], "excluded_lines": []}, "get_stories_with_status": {"executed_lines": [], "summary": {"covered_lines": 0, "num_statements": 17, "percent_covered": 0.0, "percent_covered_display": "0", "missing_lines": 17, "excluded_lines": 0}, "missing_lines": [525, 526, 527, 534, 536, 542, 544, 547, 548, 549, 550, 551, 552, 554, 556, 557, 558], "excluded_lines": []}, "get_new_stories_count": {"executed_lines": [], "summary": {"covered_lines": 0, "num_statements": 11, "percent_covered": 0.0, "percent_covered_display": "0", "missing_lines": 11, "excluded_lines": 0}, "missing_lines": [562, 563, 564, 569, 571, 576, 578, 579, 581, 582, 583], "excluded_lines": []}, "create_user_avatar": {"executed_lines": [], "summary": {"covered_lines": 0, "num_statements": 29, "percent_covered": 0.0, "percent_covered_display": "0", "missing_lines": 29, "excluded_lines": 0}, "missing_lines": [588, 589, 592, 595, 596, 597, 600, 604, 607, 612, 615, 616, 617, 618, 619, 621, 623, 624, 625, 626, 628, 629, 630, 632, 633, 635, 636, 637, 638], "excluded_lines": []}, "update_avatar_status": {"executed_lines": [], "summary": {"covered_lines": 0, "num_statements": 12, "percent_covered": 0.0, "percent_covered_display": "0", "missing_lines": 12, "excluded_lines": 0}, "missing_lines": [642, 643, 644, 649, 651, 656, 658, 659, 660, 662, 663, 664], "excluded_lines": []}, "update_avatar_status_with_traits": {"executed_lines": [], "summary": {"covered_lines": 0, "num_statements": 15, "percent_covered": 0.0, "percent_covered_display": "0", "missing_lines": 15, "excluded_lines": 0}, "missing_lines": [668, 669, 670, 675, 676, 677, 682, 684, 689, 691, 692, 693, 695, 696, 697], "excluded_lines": []}, "get_completed_avatars_count": {"executed_lines": [], "summary": {"covered_lines": 0, "num_statements": 7, "percent_covered": 0.0, "percent_covered_display": "0", "missing_lines": 7, "excluded_lines": 0}, "missing_lines": [701, 702, 707, 708, 709, 710, 711], "excluded_lines": []}, "get_user_avatar": {"executed_lines": [], "summary": {"covered_lines": 0, "num_statements": 7, "percent_covered": 0.0, "percent_covered_display": "0", "missing_lines": 7, "excluded_lines": 0}, "missing_lines": [715, 716, 724, 725, 727, 728, 729], "excluded_lines": []}, "get_user_avatar_by_name": {"executed_lines": [], "summary": {"covered_lines": 0, "num_statements": 7, "percent_covered": 0.0, "percent_covered_display": "0", "missing_lines": 7, "excluded_lines": 0}, "missing_lines": [733, 734, 742, 743, 745, 746, 747], "excluded_lines": []}, "update_user_avatar": {"executed_lines": [], "summary": {"covered_lines": 0, "num_statements": 23, "percent_covered": 0.0, "percent_covered_display": "0", "missing_lines": 23, "excluded_lines": 0}, "missing_lines": [751, 753, 754, 756, 757, 758, 760, 761, 762, 764, 765, 767, 768, 770, 776, 777, 778, 779, 781, 782, 784, 785, 786], "excluded_lines": []}, "cleanup_invalid_stories": {"executed_lines": [], "summary": {"covered_lines": 0, "num_statements": 15, "percent_covered": 0.0, "percent_covered_display": "0", "missing_lines": 15, "excluded_lines": 0}, "missing_lines": [790, 791, 794, 809, 810, 812, 813, 814, 817, 832, 834, 836, 841, 842, 843], "excluded_lines": []}, "": {"executed_lines": [1, 2, 3, 4, 5, 6, 8, 11, 22, 23, 26, 67, 78, 89, 96, 97, 128, 135, 143, 146, 234, 318, 350, 372, 409, 444, 474, 497, 523, 560, 586, 640, 666, 699, 713, 731, 749, 788], "summary": {"covered_lines": 38, "num_statements": 38, "percent_covered": 100.0, "percent_covered_display": "100", "missing_lines": 0, "excluded_lines": 0}, "missing_lines": [], "excluded_lines": []}}, "classes": {"DatabaseManager": {"executed_lines": [24, 28, 29, 30, 31, 34, 38, 55, 58, 59, 60, 61, 62, 63, 64, 65, 69, 72, 80, 81, 82, 83, 84], "summary": {"covered_lines": 23, "num_statements": 71, "percent_covered": 32.394366197183096, "percent_covered_display": "32", "missing_lines": 48, "excluded_lines": 0}, "missing_lines": [35, 36, 56, 70, 73, 74, 75, 76, 85, 86, 87, 91, 92, 93, 94, 99, 100, 102, 103, 104, 105, 107, 108, 109, 110, 111, 112, 113, 114, 115, 117, 118, 119, 120, 121, 122, 123, 124, 125, 126, 130, 131, 132, 133, 137, 138, 139, 140], "excluded_lines": []}, "": {"executed_lines": [1, 2, 3, 4, 5, 6, 8, 11, 12, 22, 23, 26, 67, 78, 89, 96, 97, 128, 135, 143, 146, 234, 318, 350, 372, 409, 444, 474, 497, 523, 560, 586, 640, 666, 699, 713, 731, 749, 788], "summary": {"covered_lines": 39, "num_statements": 335, "percent_covered": 11.64179104477612, "percent_covered_display": "12", "missing_lines": 296, "excluded_lines": 0}, "missing_lines": [148, 149, 152, 173, 186, 202, 220, 221, 222, 223, 226, 228, 230, 231, 232, 236, 237, 240, 241, 245, 246, 247, 248, 250, 253, 254, 257, 258, 259, 260, 262, 265, 266, 270, 271, 272, 273, 275, 278, 279, 282, 283, 284, 285, 287, 290, 291, 295, 296, 297, 300, 301, 305, 306, 307, 308, 310, 312, 314, 315, 316, 321, 322, 327, 328, 339, 340, 343, 344, 346, 347, 348, 352, 353, 358, 359, 361, 362, 365, 366, 368, 369, 370, 374, 375, 376, 383, 385, 391, 393, 396, 397, 398, 399, 400, 401, 403, 405, 406, 407, 411, 412, 417, 418, 429, 430, 433, 434, 437, 438, 440, 441, 442, 446, 447, 453, 454, 462, 463, 464, 465, 467, 468, 470, 471, 472, 476, 477, 483, 485, 486, 487, 488, 490, 491, 493, 494, 495, 499, 500, 506, 508, 509, 510, 511, 512, 513, 514, 515, 517, 519, 520, 521, 525, 526, 527, 534, 536, 542, 544, 547, 548, 549, 550, 551, 552, 554, 556, 557, 558, 562, 563, 564, 569, 571, 576, 578, 579, 581, 582, 583, 588, 589, 592, 595, 596, 597, 600, 604, 607, 612, 615, 616, 617, 618, 619, 621, 623, 624, 625, 626, 628, 629, 630, 632, 633, 635, 636, 637, 638, 642, 643, 644, 649, 651, 656, 658, 659, 660, 662, 663, 664, 668, 669, 670, 675, 676, 677, 682, 684, 689, 691, 692, 693, 695, 696, 697, 701, 702, 707, 708, 709, 710, 711, 715, 716, 724, 725, 727, 728, 729, 733, 734, 742, 743, 745, 746, 747, 751, 753, 754, 756, 757, 758, 760, 761, 762, 764, 765, 767, 768, 770, 776, 777, 778, 779, 781, 782, 784, 785, 786, 790, 791, 794, 809, 810, 812, 813, 814, 817, 832, 834, 836, 841, 842, 843], "excluded_lines": []}}}, "src/core/email_service.py": {"executed_lines": [1, 5, 6, 7, 8, 9, 10, 11, 12, 14, 16, 17, 19, 20, 21, 22, 24, 26, 28, 32, 50, 52, 53, 56, 57, 59, 66, 69, 71, 77, 79, 80, 82, 83, 85, 92, 95, 101, 106, 107, 121, 124, 125, 127, 142, 143, 144, 145, 150, 180, 182, 184, 234, 236, 238, 254, 256, 315, 317, 337], "summary": {"covered_lines": 58, "num_statements": 102, "percent_covered": 56.86274509803921, "percent_covered_display": "57", "missing_lines": 44, "excluded_lines": 0}, "missing_lines": [33, 34, 37, 45, 46, 48, 67, 73, 74, 75, 93, 97, 98, 99, 110, 111, 115, 116, 117, 118, 119, 139, 140, 146, 147, 148, 153, 155, 156, 157, 158, 161, 162, 164, 165, 168, 169, 170, 171, 173, 174, 176, 177, 178], "excluded_lines": [], "functions": {"EmailService.__init__": {"executed_lines": [20, 21, 22], "summary": {"covered_lines": 3, "num_statements": 3, "percent_covered": 100.0, "percent_covered_display": "100", "missing_lines": 0, "excluded_lines": 0}, "missing_lines": [], "excluded_lines": []}, "EmailService._initialize_email_service": {"executed_lines": [26, 28, 32], "summary": {"covered_lines": 3, "num_statements": 9, "percent_covered": 33.333333333333336, "percent_covered_display": "33", "missing_lines": 6, "excluded_lines": 0}, "missing_lines": [33, 34, 37, 45, 46, 48], "excluded_lines": []}, "EmailService.send_otp_email": {"executed_lines": [52, 53, 56, 57, 59, 66, 69, 71], "summary": {"covered_lines": 8, "num_statements": 12, "percent_covered": 66.66666666666667, "percent_covered_display": "67", "missing_lines": 4, "excluded_lines": 0}, "missing_lines": [67, 73, 74, 75], "excluded_lines": []}, "EmailService.send_welcome_email": {"executed_lines": [79, 80, 82, 83, 85, 92, 95], "summary": {"covered_lines": 7, "num_statements": 11, "percent_covered": 63.63636363636363, "percent_covered_display": "64", "missing_lines": 4, "excluded_lines": 0}, "missing_lines": [93, 97, 98, 99], "excluded_lines": []}, "EmailService._send_email": {"executed_lines": [106, 107], "summary": {"covered_lines": 2, "num_statements": 9, "percent_covered": 22.22222222222222, "percent_covered_display": "22", "missing_lines": 7, "excluded_lines": 0}, "missing_lines": [110, 111, 115, 116, 117, 118, 119], "excluded_lines": []}, "EmailService._send_via_ses": {"executed_lines": [124, 125, 127, 142, 143, 144, 145], "summary": {"covered_lines": 7, "num_statements": 12, "percent_covered": 58.333333333333336, "percent_covered_display": "58", "missing_lines": 5, "excluded_lines": 0}, "missing_lines": [139, 140, 146, 147, 148], "excluded_lines": []}, "EmailService._send_via_smtp": {"executed_lines": [], "summary": {"covered_lines": 0, "num_statements": 18, "percent_covered": 0.0, "percent_covered_display": "0", "missing_lines": 18, "excluded_lines": 0}, "missing_lines": [153, 155, 156, 157, 158, 161, 162, 164, 165, 168, 169, 170, 171, 173, 174, 176, 177, 178], "excluded_lines": []}, "EmailService._create_otp_email_html": {"executed_lines": [182, 184], "summary": {"covered_lines": 2, "num_statements": 2, "percent_covered": 100.0, "percent_covered_display": "100", "missing_lines": 0, "excluded_lines": 0}, "missing_lines": [], "excluded_lines": []}, "EmailService._create_otp_email_text": {"executed_lines": [236, 238], "summary": {"covered_lines": 2, "num_statements": 2, "percent_covered": 100.0, "percent_covered_display": "100", "missing_lines": 0, "excluded_lines": 0}, "missing_lines": [], "excluded_lines": []}, "EmailService._create_welcome_email_html": {"executed_lines": [256], "summary": {"covered_lines": 1, "num_statements": 1, "percent_covered": 100.0, "percent_covered_display": "100", "missing_lines": 0, "excluded_lines": 0}, "missing_lines": [], "excluded_lines": []}, "EmailService._create_welcome_email_text": {"executed_lines": [317], "summary": {"covered_lines": 1, "num_statements": 1, "percent_covered": 100.0, "percent_covered_display": "100", "missing_lines": 0, "excluded_lines": 0}, "missing_lines": [], "excluded_lines": []}, "": {"executed_lines": [1, 5, 6, 7, 8, 9, 10, 11, 12, 14, 16, 17, 19, 24, 50, 77, 101, 121, 150, 180, 234, 254, 315, 337], "summary": {"covered_lines": 22, "num_statements": 22, "percent_covered": 100.0, "percent_covered_display": "100", "missing_lines": 0, "excluded_lines": 0}, "missing_lines": [], "excluded_lines": []}}, "classes": {"EmailService": {"executed_lines": [20, 21, 22, 26, 28, 32, 52, 53, 56, 57, 59, 66, 69, 71, 79, 80, 82, 83, 85, 92, 95, 106, 107, 124, 125, 127, 142, 143, 144, 145, 182, 184, 236, 238, 256, 317], "summary": {"covered_lines": 36, "num_statements": 80, "percent_covered": 45.0, "percent_covered_display": "45", "missing_lines": 44, "excluded_lines": 0}, "missing_lines": [33, 34, 37, 45, 46, 48, 67, 73, 74, 75, 93, 97, 98, 99, 110, 111, 115, 116, 117, 118, 119, 139, 140, 146, 147, 148, 153, 155, 156, 157, 158, 161, 162, 164, 165, 168, 169, 170, 171, 173, 174, 176, 177, 178], "excluded_lines": []}, "": {"executed_lines": [1, 5, 6, 7, 8, 9, 10, 11, 12, 14, 16, 17, 19, 24, 50, 77, 101, 121, 150, 180, 234, 254, 315, 337], "summary": {"covered_lines": 22, "num_statements": 22, "percent_covered": 100.0, "percent_covered_display": "100", "missing_lines": 0, "excluded_lines": 0}, "missing_lines": [], "excluded_lines": []}}}, "src/main.py": {"executed_lines": [1, 2, 3, 4, 5, 6, 7, 8, 9, 10, 12, 13, 14, 15, 16, 17, 18, 19, 20], "summary": {"covered_lines": 19, "num_statements": 842, "percent_covered": 2.2565320665083135, "percent_covered_display": "2", "missing_lines": 823, "excluded_lines": 0}, "missing_lines": [23, 24, 25, 26, 29, 34, 37, 46, 47, 50, 60, 61, 63, 64, 67, 68, 69, 71, 72, 73, 75, 76, 77, 79, 80, 81, 84, 87, 88, 91, 93, 95, 97, 98, 100, 102, 103, 105, 106, 107, 108, 109, 110, 113, 114, 116, 126, 127, 129, 132, 135, 138, 139, 140, 141, 142, 143, 144, 145, 146, 147, 148, 149, 150, 151, 152, 153, 154, 157, 158, 159, 161, 162, 163, 164, 166, 167, 169, 170, 171, 173, 174, 176, 177, 178, 179, 181, 182, 183, 184, 185, 186, 187, 188, 190, 191, 192, 193, 194, 195, 196, 198, 199, 200, 203, 204, 214, 216, 217, 218, 219, 220, 222, 224, 225, 226, 227, 229, 231, 232, 233, 235, 236, 237, 239, 240, 241, 243, 244, 246, 247, 249, 258, 260, 261, 262, 263, 265, 266, 267, 268, 272, 273, 278, 283, 285, 288, 289, 290, 296, 297, 300, 301, 303, 328, 338, 339, 340, 343, 344, 347, 348, 350, 351, 352, 353, 354, 355, 356, 357, 358, 359, 361, 364, 367, 368, 371, 372, 373, 374, 376, 377, 378, 381, 383, 385, 386, 387, 388, 389, 390, 392, 394, 395, 396, 397, 399, 400, 402, 409, 431, 432, 433, 436, 437, 439, 441, 442, 444, 489, 495, 496, 499, 501, 502, 504, 505, 506, 507, 510, 511, 513, 516, 522, 524, 525, 528, 529, 531, 532, 533, 534, 536, 537, 538, 539, 542, 543, 544, 546, 548, 550, 555, 556, 558, 560, 561, 563, 564, 566, 567, 568, 571, 572, 574, 575, 576, 578, 580, 581, 582, 584, 588, 589, 591, 592, 594, 596, 599, 600, 603, 604, 606, 607, 610, 612, 613, 615, 616, 617, 619, 621, 622, 625, 626, 628, 629, 630, 631, 632, 634, 637, 638, 639, 659, 661, 663, 683, 686, 687, 697, 698, 701, 702, 703, 704, 706, 707, 708, 711, 712, 713, 714, 715, 716, 718, 721, 722, 723, 724, 725, 728, 729, 731, 732, 734, 736, 737, 738, 739, 742, 743, 744, 747, 748, 751, 754, 755, 756, 759, 760, 761, 762, 763, 765, 766, 767, 768, 771, 772, 773, 776, 777, 778, 779, 780, 785, 788, 789, 790, 791, 794, 795, 796, 803, 804, 806, 809, 818, 820, 826, 835, 836, 837, 839, 840, 842, 844, 845, 847, 848, 850, 851, 861, 871, 880, 881, 882, 884, 885, 887, 889, 890, 892, 893, 895, 896, 906, 915, 916, 917, 919, 920, 921, 922, 925, 926, 927, 928, 929, 931, 932, 933, 934, 937, 938, 940, 942, 963, 964, 974, 975, 976, 979, 980, 981, 983, 984, 985, 986, 987, 988, 989, 990, 993, 994, 1000, 1002, 1005, 1006, 1007, 1008, 1009, 1014, 1015, 1016, 1019, 1028, 1029, 1030, 1032, 1033, 1034, 1043, 1044, 1045, 1054, 1055, 1057, 1059, 1061, 1062, 1063, 1073, 1074, 1075, 1086, 1087, 1088, 1089, 1099, 1100, 1101, 1112, 1113, 1114, 1115, 1125, 1126, 1127, 1130, 1131, 1132, 1144, 1156, 1157, 1158, 1168, 1169, 1170, 1179, 1181, 1182, 1185, 1186, 1188, 1189, 1192, 1193, 1194, 1195, 1196, 1197, 1198, 1201, 1203, 1231, 1232, 1235, 1237, 1259, 1266, 1267, 1268, 1270, 1271, 1272, 1275, 1278, 1281, 1309, 1310, 1312, 1314, 1315, 1316, 1321, 1323, 1324, 1327, 1332, 1335, 1336, 1338, 1340, 1341, 1343, 1344, 1345, 1346, 1347, 1349, 1350, 1357, 1359, 1361, 1363, 1364, 1365, 1375, 1376, 1377, 1388, 1389, 1390, 1391, 1401, 1402, 1403, 1414, 1415, 1416, 1417, 1427, 1429, 1430, 1431, 1432, 1435, 1436, 1437, 1440, 1441, 1442, 1443, 1446, 1447, 1450, 1451, 1453, 1454, 1455, 1456, 1458, 1461, 1466, 1469, 1470, 1479, 1480, 1482, 1483, 1485, 1494, 1496, 1505, 1506, 1507, 1508, 1509, 1511, 1513, 1514, 1515, 1517, 1518, 1519, 1522, 1523, 1525, 1534, 1536, 1537, 1538, 1539, 1541, 1542, 1543, 1548, 1549, 1551, 1553, 1555, 1557, 1558, 1559, 1569, 1570, 1571, 1582, 1583, 1584, 1585, 1595, 1596, 1597, 1608, 1609, 1610, 1611, 1621, 1623, 1625, 1626, 1628, 1629, 1639, 1648, 1657, 1658, 1659, 1660, 1661, 1663, 1664, 1666, 1668, 1670, 1672, 1673, 1674, 1684, 1685, 1686, 1697, 1698, 1699, 1700, 1710, 1711, 1712, 1723, 1724, 1725, 1726, 1736, 1738, 1740, 1741, 1747, 1748, 1759, 1760, 1762, 1771, 1780, 1781, 1782, 1783, 1784, 1786, 1787, 1788, 1797, 1798, 1806, 1808, 1810, 1812, 1813, 1814, 1824, 1825, 1826, 1837, 1838, 1839, 1840, 1850, 1851, 1852, 1863, 1864, 1865, 1866, 1876, 1878, 1879, 1880, 1881, 1884, 1885, 1886, 1888, 1889, 1892, 1893, 1894, 1895, 1896, 1898, 1901, 1902, 1903, 1911, 1912, 1913, 1915, 1916, 1917, 1918, 1921, 1931, 1933, 1946, 1947, 1948, 1949, 1950, 1952, 1953, 1955, 1957, 1959, 1960, 1961, 1971, 1972, 1973, 1984, 1985, 1986, 1987, 1997, 1998, 1999, 2010, 2011, 2013, 2014, 2025, 2026, 2036, 2046, 2055, 2056, 2057, 2059, 2060, 2062, 2064, 2066, 2067, 2068, 2078, 2079, 2080, 2091, 2092, 2093, 2094, 2104, 2105, 2106, 2117, 2118, 2120, 2131, 2132, 2133, 2135, 2136, 2138, 2139, 2148, 2149, 2150, 2151, 2152, 2155, 2156, 2159, 2160, 2161, 2164, 2165, 2167, 2173, 2174, 2176, 2185, 2186, 2187], "excluded_lines": [], "functions": {"startup_event": {"executed_lines": [], "summary": {"covered_lines": 0, "num_statements": 23, "percent_covered": 0.0, "percent_covered_display": "0", "missing_lines": 23, "excluded_lines": 0}, "missing_lines": [63, 64, 67, 68, 69, 71, 72, 73, 75, 76, 77, 79, 80, 81, 84, 87, 88, 91, 93, 95, 97, 98, 100], "excluded_lines": []}, "shutdown_event": {"executed_lines": [], "summary": {"covered_lines": 0, "num_statements": 6, "percent_covered": 0.0, "percent_covered_display": "0", "missing_lines": 6, "excluded_lines": 0}, "missing_lines": [105, 106, 107, 108, 109, 110], "excluded_lines": []}, "health_check": {"executed_lines": [], "summary": {"covered_lines": 0, "num_statements": 1, "percent_covered": 0.0, "percent_covered_display": "0", "missing_lines": 1, "excluded_lines": 0}, "missing_lines": [116], "excluded_lines": []}, "ping": {"executed_lines": [], "summary": {"covered_lines": 0, "num_statements": 1, "percent_covered": 0.0, "percent_covered_display": "0", "missing_lines": 1, "excluded_lines": 0}, "missing_lines": [129], "excluded_lines": []}, "cors_error_response": {"executed_lines": [], "summary": {"covered_lines": 0, "num_statements": 1, "percent_covered": 0.0, "percent_covered_display": "0", "missing_lines": 1, "excluded_lines": 0}, "missing_lines": [204], "excluded_lines": []}, "log_request_details": {"executed_lines": [], "summary": {"covered_lines": 0, "num_statements": 5, "percent_covered": 0.0, "percent_covered_display": "0", "missing_lines": 5, "excluded_lines": 0}, "missing_lines": [216, 217, 218, 219, 220], "excluded_lines": []}, "log_error": {"executed_lines": [], "summary": {"covered_lines": 0, "num_statements": 4, "percent_covered": 0.0, "percent_covered_display": "0", "missing_lines": 4, "excluded_lines": 0}, "missing_lines": [224, 225, 226, 227], "excluded_lines": []}, "save_image_to_s3": {"executed_lines": [], "summary": {"covered_lines": 0, "num_statements": 26, "percent_covered": 0.0, "percent_covered_display": "0", "missing_lines": 26, "excluded_lines": 0}, "missing_lines": [231, 232, 233, 235, 236, 237, 239, 240, 241, 243, 244, 246, 247, 249, 258, 260, 261, 262, 263, 265, 266, 267, 268, 272, 273, 278], "excluded_lines": []}, "generate_story_images": {"executed_lines": [], "summary": {"covered_lines": 0, "num_statements": 80, "percent_covered": 0.0, "percent_covered_display": "0", "missing_lines": 80, "excluded_lines": 0}, "missing_lines": [285, 288, 289, 290, 296, 297, 300, 301, 303, 328, 338, 339, 340, 343, 344, 347, 348, 350, 351, 352, 353, 354, 355, 356, 357, 358, 359, 361, 364, 367, 368, 371, 372, 373, 374, 376, 377, 378, 381, 383, 385, 386, 387, 388, 389, 390, 392, 394, 395, 396, 397, 399, 400, 402, 409, 431, 432, 433, 436, 437, 439, 516, 522, 524, 525, 528, 529, 531, 532, 533, 534, 536, 537, 538, 539, 542, 543, 544, 546, 548], "excluded_lines": []}, "generate_story_images.generate_single_image": {"executed_lines": [], "summary": {"covered_lines": 0, "num_statements": 16, "percent_covered": 0.0, "percent_covered_display": "0", "missing_lines": 16, "excluded_lines": 0}, "missing_lines": [441, 442, 444, 489, 495, 496, 499, 501, 502, 504, 505, 506, 507, 510, 511, 513], "excluded_lines": []}, "detect_avatar_names_in_prompt": {"executed_lines": [], "summary": {"covered_lines": 0, "num_statements": 19, "percent_covered": 0.0, "percent_covered_display": "0", "missing_lines": 19, "excluded_lines": 0}, "missing_lines": [555, 556, 558, 560, 561, 563, 564, 566, 567, 568, 571, 572, 574, 575, 576, 578, 580, 581, 582], "excluded_lines": []}, "enrich_prompt_with_avatar_traits": {"executed_lines": [], "summary": {"covered_lines": 0, "num_statements": 18, "percent_covered": 0.0, "percent_covered_display": "0", "missing_lines": 18, "excluded_lines": 0}, "missing_lines": [588, 589, 591, 592, 594, 596, 599, 600, 603, 604, 606, 607, 610, 612, 613, 615, 616, 617], "excluded_lines": []}, "generate_story_background_task": {"executed_lines": [], "summary": {"covered_lines": 0, "num_statements": 54, "percent_covered": 0.0, "percent_covered_display": "0", "missing_lines": 54, "excluded_lines": 0}, "missing_lines": [621, 622, 625, 626, 628, 629, 630, 631, 632, 634, 637, 638, 639, 659, 661, 663, 683, 686, 687, 697, 698, 701, 702, 703, 704, 706, 707, 708, 711, 712, 713, 714, 715, 716, 718, 721, 722, 723, 724, 725, 728, 729, 731, 732, 734, 736, 737, 738, 739, 742, 743, 744, 747, 748], "excluded_lines": []}, "generate_story_async": {"executed_lines": [], "summary": {"covered_lines": 0, "num_statements": 36, "percent_covered": 0.0, "percent_covered_display": "0", "missing_lines": 36, "excluded_lines": 0}, "missing_lines": [756, 759, 760, 761, 762, 763, 765, 766, 767, 768, 771, 772, 773, 776, 777, 778, 779, 780, 785, 788, 789, 790, 791, 794, 795, 796, 803, 804, 806, 809, 818, 820, 826, 835, 836, 837], "excluded_lines": []}, "get_story_status": {"executed_lines": [], "summary": {"covered_lines": 0, "num_statements": 12, "percent_covered": 0.0, "percent_covered_display": "0", "missing_lines": 12, "excluded_lines": 0}, "missing_lines": [842, 844, 845, 847, 848, 850, 851, 861, 871, 880, 881, 882], "excluded_lines": []}, "mark_story_viewed": {"executed_lines": [], "summary": {"covered_lines": 0, "num_statements": 11, "percent_covered": 0.0, "percent_covered_display": "0", "missing_lines": 11, "excluded_lines": 0}, "missing_lines": [887, 889, 890, 892, 893, 895, 896, 906, 915, 916, 917], "excluded_lines": []}, "generate_fun_facts": {"executed_lines": [], "summary": {"covered_lines": 0, "num_statements": 47, "percent_covered": 0.0, "percent_covered_display": "0", "missing_lines": 47, "excluded_lines": 0}, "missing_lines": [921, 922, 925, 926, 927, 928, 929, 931, 932, 933, 934, 937, 938, 940, 942, 963, 964, 974, 975, 976, 979, 980, 981, 983, 984, 985, 986, 987, 988, 989, 990, 993, 994, 1000, 1002, 1005, 1006, 1007, 1008, 1009, 1014, 1015, 1016, 1019, 1028, 1029, 1030], "excluded_lines": []}, "preflight_generateStory": {"executed_lines": [], "summary": {"covered_lines": 0, "num_statements": 1, "percent_covered": 0.0, "percent_covered_display": "0", "missing_lines": 1, "excluded_lines": 0}, "missing_lines": [1034], "excluded_lines": []}, "preflight_generateFunFacts": {"executed_lines": [], "summary": {"covered_lines": 0, "num_statements": 1, "percent_covered": 0.0, "percent_covered_display": "0", "missing_lines": 1, "excluded_lines": 0}, "missing_lines": [1045], "excluded_lines": []}, "get_user_stories": {"executed_lines": [], "summary": {"covered_lines": 0, "num_statements": 29, "percent_covered": 0.0, "percent_covered_display": "0", "missing_lines": 29, "excluded_lines": 0}, "missing_lines": [1057, 1059, 1061, 1062, 1063, 1073, 1074, 1075, 1086, 1087, 1088, 1089, 1099, 1100, 1101, 1112, 1113, 1114, 1115, 1125, 1126, 1127, 1130, 1131, 1132, 1144, 1156, 1157, 1158], "excluded_lines": []}, "preflight_my_stories": {"executed_lines": [], "summary": {"covered_lines": 0, "num_statements": 1, "percent_covered": 0.0, "percent_covered_display": "0", "missing_lines": 1, "excluded_lines": 0}, "missing_lines": [1170], "excluded_lines": []}, "create_comic_avatar_and_extract_traits": {"executed_lines": [], "summary": {"covered_lines": 0, "num_statements": 35, "percent_covered": 0.0, "percent_covered_display": "0", "missing_lines": 35, "excluded_lines": 0}, "missing_lines": [1181, 1182, 1185, 1186, 1188, 1189, 1192, 1193, 1194, 1195, 1196, 1197, 1198, 1201, 1203, 1231, 1232, 1235, 1237, 1259, 1266, 1267, 1268, 1270, 1271, 1272, 1275, 1278, 1281, 1309, 1310, 1312, 1314, 1315, 1316], "excluded_lines": []}, "generate_avatar_background_task": {"executed_lines": [], "summary": {"covered_lines": 0, "num_statements": 14, "percent_covered": 0.0, "percent_covered_display": "0", "missing_lines": 14, "excluded_lines": 0}, "missing_lines": [1323, 1324, 1327, 1332, 1335, 1336, 1338, 1340, 1341, 1343, 1344, 1345, 1346, 1347], "excluded_lines": []}, "create_avatar": {"executed_lines": [], "summary": {"covered_lines": 0, "num_statements": 57, "percent_covered": 0.0, "percent_covered_display": "0", "missing_lines": 57, "excluded_lines": 0}, "missing_lines": [1357, 1359, 1361, 1363, 1364, 1365, 1375, 1376, 1377, 1388, 1389, 1390, 1391, 1401, 1402, 1403, 1414, 1415, 1416, 1417, 1427, 1429, 1430, 1431, 1432, 1435, 1436, 1437, 1440, 1441, 1442, 1443, 1446, 1447, 1450, 1451, 1453, 1454, 1455, 1456, 1458, 1461, 1466, 1469, 1470, 1479, 1480, 1482, 1483, 1485, 1494, 1496, 1505, 1506, 1507, 1508, 1509], "excluded_lines": []}, "save_avatar_to_s3": {"executed_lines": [], "summary": {"covered_lines": 0, "num_statements": 17, "percent_covered": 0.0, "percent_covered_display": "0", "missing_lines": 17, "excluded_lines": 0}, "missing_lines": [1513, 1514, 1515, 1517, 1518, 1519, 1522, 1523, 1525, 1534, 1536, 1537, 1538, 1539, 1541, 1542, 1543], "excluded_lines": []}, "get_avatar": {"executed_lines": [], "summary": {"covered_lines": 0, "num_statements": 33, "percent_covered": 0.0, "percent_covered_display": "0", "missing_lines": 33, "excluded_lines": 0}, "missing_lines": [1551, 1553, 1555, 1557, 1558, 1559, 1569, 1570, 1571, 1582, 1583, 1584, 1585, 1595, 1596, 1597, 1608, 1609, 1610, 1611, 1621, 1623, 1625, 1626, 1628, 1629, 1639, 1648, 1657, 1658, 1659, 1660, 1661], "excluded_lines": []}, "update_avatar": {"executed_lines": [], "summary": {"covered_lines": 0, "num_statements": 35, "percent_covered": 0.0, "percent_covered_display": "0", "missing_lines": 35, "excluded_lines": 0}, "missing_lines": [1666, 1668, 1670, 1672, 1673, 1674, 1684, 1685, 1686, 1697, 1698, 1699, 1700, 1710, 1711, 1712, 1723, 1724, 1725, 1726, 1736, 1738, 1740, 1741, 1747, 1748, 1759, 1760, 1762, 1771, 1780, 1781, 1782, 1783, 1784], "excluded_lines": []}, "preflight_avatar": {"executed_lines": [], "summary": {"covered_lines": 0, "num_statements": 1, "percent_covered": 0.0, "percent_covered_display": "0", "missing_lines": 1, "excluded_lines": 0}, "missing_lines": [1788], "excluded_lines": []}, "create_avatar_async": {"executed_lines": [], "summary": {"covered_lines": 0, "num_statements": 54, "percent_covered": 0.0, "percent_covered_display": "0", "missing_lines": 54, "excluded_lines": 0}, "missing_lines": [1806, 1808, 1810, 1812, 1813, 1814, 1824, 1825, 1826, 1837, 1838, 1839, 1840, 1850, 1851, 1852, 1863, 1864, 1865, 1866, 1876, 1878, 1879, 1880, 1881, 1884, 1885, 1886, 1888, 1889, 1892, 1893, 1894, 1895, 1896, 1898, 1901, 1902, 1903, 1911, 1912, 1913, 1915, 1916, 1917, 1918, 1921, 1931, 1933, 1946, 1947, 1948, 1949, 1950], "excluded_lines": []}, "get_avatar_status": {"executed_lines": [], "summary": {"covered_lines": 0, "num_statements": 26, "percent_covered": 0.0, "percent_covered_display": "0", "missing_lines": 26, "excluded_lines": 0}, "missing_lines": [1955, 1957, 1959, 1960, 1961, 1971, 1972, 1973, 1984, 1985, 1986, 1987, 1997, 1998, 1999, 2010, 2011, 2013, 2014, 2025, 2026, 2036, 2046, 2055, 2056, 2057], "excluded_lines": []}, "get_completed_avatars_count": {"executed_lines": [], "summary": {"covered_lines": 0, "num_statements": 21, "percent_covered": 0.0, "percent_covered_display": "0", "missing_lines": 21, "excluded_lines": 0}, "missing_lines": [2062, 2064, 2066, 2067, 2068, 2078, 2079, 2080, 2091, 2092, 2093, 2094, 2104, 2105, 2106, 2117, 2118, 2120, 2131, 2132, 2133], "excluded_lines": []}, "catch_all": {"executed_lines": [], "summary": {"covered_lines": 0, "num_statements": 12, "percent_covered": 0.0, "percent_covered_display": "0", "missing_lines": 12, "excluded_lines": 0}, "missing_lines": [2138, 2139, 2148, 2149, 2150, 2151, 2152, 2155, 2156, 2159, 2160, 2161], "excluded_lines": []}, "cleanup_invalid_stories_endpoint": {"executed_lines": [], "summary": {"covered_lines": 0, "num_statements": 7, "percent_covered": 0.0, "percent_covered_display": "0", "missing_lines": 7, "excluded_lines": 0}, "missing_lines": [2167, 2173, 2174, 2176, 2185, 2186, 2187], "excluded_lines": []}, "": {"executed_lines": [1, 2, 3, 4, 5, 6, 7, 8, 9, 10, 12, 13, 14, 15, 16, 17, 18, 19, 20], "summary": {"covered_lines": 19, "num_statements": 138, "percent_covered": 13.768115942028986, "percent_covered_display": "14", "missing_lines": 119, "excluded_lines": 0}, "missing_lines": [23, 24, 25, 26, 29, 34, 37, 46, 47, 50, 60, 61, 102, 103, 113, 114, 126, 127, 132, 135, 138, 139, 140, 141, 142, 143, 144, 145, 146, 147, 148, 149, 150, 151, 152, 153, 154, 157, 158, 159, 161, 162, 163, 164, 166, 167, 169, 170, 171, 173, 174, 176, 177, 178, 179, 181, 182, 183, 184, 185, 186, 187, 188, 190, 191, 192, 193, 194, 195, 196, 198, 199, 200, 203, 214, 222, 229, 283, 550, 584, 619, 751, 754, 755, 839, 840, 884, 885, 919, 920, 1032, 1033, 1043, 1044, 1054, 1055, 1168, 1169, 1179, 1321, 1349, 1350, 1511, 1548, 1549, 1663, 1664, 1786, 1787, 1797, 1798, 1952, 1953, 2059, 2060, 2135, 2136, 2164, 2165], "excluded_lines": []}}, "classes": {"StoryRequest": {"executed_lines": [], "summary": {"covered_lines": 0, "num_statements": 0, "percent_covered": 100.0, "percent_covered_display": "100", "missing_lines": 0, "excluded_lines": 0}, "missing_lines": [], "excluded_lines": []}, "StoryResponse": {"executed_lines": [], "summary": {"covered_lines": 0, "num_statements": 0, "percent_covered": 100.0, "percent_covered_display": "100", "missing_lines": 0, "excluded_lines": 0}, "missing_lines": [], "excluded_lines": []}, "FunFactRequest": {"executed_lines": [], "summary": {"covered_lines": 0, "num_statements": 0, "percent_covered": 100.0, "percent_covered_display": "100", "missing_lines": 0, "excluded_lines": 0}, "missing_lines": [], "excluded_lines": []}, "FunFact": {"executed_lines": [], "summary": {"covered_lines": 0, "num_statements": 0, "percent_covered": 100.0, "percent_covered_display": "100", "missing_lines": 0, "excluded_lines": 0}, "missing_lines": [], "excluded_lines": []}, "FunFactsResponse": {"executed_lines": [], "summary": {"covered_lines": 0, "num_statements": 0, "percent_covered": 100.0, "percent_covered_display": "100", "missing_lines": 0, "excluded_lines": 0}, "missing_lines": [], "excluded_lines": []}, "AsyncStoryResponse": {"executed_lines": [], "summary": {"covered_lines": 0, "num_statements": 0, "percent_covered": 100.0, "percent_covered_display": "100", "missing_lines": 0, "excluded_lines": 0}, "missing_lines": [], "excluded_lines": []}, "StoryStatusResponse": {"executed_lines": [], "summary": {"covered_lines": 0, "num_statements": 0, "percent_covered": 100.0, "percent_covered_display": "100", "missing_lines": 0, "excluded_lines": 0}, "missing_lines": [], "excluded_lines": []}, "AvatarResponse": {"executed_lines": [], "summary": {"covered_lines": 0, "num_statements": 0, "percent_covered": 100.0, "percent_covered_display": "100", "missing_lines": 0, "excluded_lines": 0}, "missing_lines": [], "excluded_lines": []}, "AvatarUpdateRequest": {"executed_lines": [], "summary": {"covered_lines": 0, "num_statements": 0, "percent_covered": 100.0, "percent_covered_display": "100", "missing_lines": 0, "excluded_lines": 0}, "missing_lines": [], "excluded_lines": []}, "": {"executed_lines": [1, 2, 3, 4, 5, 6, 7, 8, 9, 10, 12, 13, 14, 15, 16, 17, 18, 19, 20], "summary": {"covered_lines": 19, "num_statements": 842, "percent_covered": 2.2565320665083135, "percent_covered_display": "2", "missing_lines": 823, "excluded_lines": 0}, "missing_lines": [23, 24, 25, 26, 29, 34, 37, 46, 47, 50, 60, 61, 63, 64, 67, 68, 69, 71, 72, 73, 75, 76, 77, 79, 80, 81, 84, 87, 88, 91, 93, 95, 97, 98, 100, 102, 103, 105, 106, 107, 108, 109, 110, 113, 114, 116, 126, 127, 129, 132, 135, 138, 139, 140, 141, 142, 143, 144, 145, 146, 147, 148, 149, 150, 151, 152, 153, 154, 157, 158, 159, 161, 162, 163, 164, 166, 167, 169, 170, 171, 173, 174, 176, 177, 178, 179, 181, 182, 183, 184, 185, 186, 187, 188, 190, 191, 192, 193, 194, 195, 196, 198, 199, 200, 203, 204, 214, 216, 217, 218, 219, 220, 222, 224, 225, 226, 227, 229, 231, 232, 233, 235, 236, 237, 239, 240, 241, 243, 244, 246, 247, 249, 258, 260, 261, 262, 263, 265, 266, 267, 268, 272, 273, 278, 283, 285, 288, 289, 290, 296, 297, 300, 301, 303, 328, 338, 339, 340, 343, 344, 347, 348, 350, 351, 352, 353, 354, 355, 356, 357, 358, 359, 361, 364, 367, 368, 371, 372, 373, 374, 376, 377, 378, 381, 383, 385, 386, 387, 388, 389, 390, 392, 394, 395, 396, 397, 399, 400, 402, 409, 431, 432, 433, 436, 437, 439, 441, 442, 444, 489, 495, 496, 499, 501, 502, 504, 505, 506, 507, 510, 511, 513, 516, 522, 524, 525, 528, 529, 531, 532, 533, 534, 536, 537, 538, 539, 542, 543, 544, 546, 548, 550, 555, 556, 558, 560, 561, 563, 564, 566, 567, 568, 571, 572, 574, 575, 576, 578, 580, 581, 582, 584, 588, 589, 591, 592, 594, 596, 599, 600, 603, 604, 606, 607, 610, 612, 613, 615, 616, 617, 619, 621, 622, 625, 626, 628, 629, 630, 631, 632, 634, 637, 638, 639, 659, 661, 663, 683, 686, 687, 697, 698, 701, 702, 703, 704, 706, 707, 708, 711, 712, 713, 714, 715, 716, 718, 721, 722, 723, 724, 725, 728, 729, 731, 732, 734, 736, 737, 738, 739, 742, 743, 744, 747, 748, 751, 754, 755, 756, 759, 760, 761, 762, 763, 765, 766, 767, 768, 771, 772, 773, 776, 777, 778, 779, 780, 785, 788, 789, 790, 791, 794, 795, 796, 803, 804, 806, 809, 818, 820, 826, 835, 836, 837, 839, 840, 842, 844, 845, 847, 848, 850, 851, 861, 871, 880, 881, 882, 884, 885, 887, 889, 890, 892, 893, 895, 896, 906, 915, 916, 917, 919, 920, 921, 922, 925, 926, 927, 928, 929, 931, 932, 933, 934, 937, 938, 940, 942, 963, 964, 974, 975, 976, 979, 980, 981, 983, 984, 985, 986, 987, 988, 989, 990, 993, 994, 1000, 1002, 1005, 1006, 1007, 1008, 1009, 1014, 1015, 1016, 1019, 1028, 1029, 1030, 1032, 1033, 1034, 1043, 1044, 1045, 1054, 1055, 1057, 1059, 1061, 1062, 1063, 1073, 1074, 1075, 1086, 1087, 1088, 1089, 1099, 1100, 1101, 1112, 1113, 1114, 1115, 1125, 1126, 1127, 1130, 1131, 1132, 1144, 1156, 1157, 1158, 1168, 1169, 1170, 1179, 1181, 1182, 1185, 1186, 1188, 1189, 1192, 1193, 1194, 1195, 1196, 1197, 1198, 1201, 1203, 1231, 1232, 1235, 1237, 1259, 1266, 1267, 1268, 1270, 1271, 1272, 1275, 1278, 1281, 1309, 1310, 1312, 1314, 1315, 1316, 1321, 1323, 1324, 1327, 1332, 1335, 1336, 1338, 1340, 1341, 1343, 1344, 1345, 1346, 1347, 1349, 1350, 1357, 1359, 1361, 1363, 1364, 1365, 1375, 1376, 1377, 1388, 1389, 1390, 1391, 1401, 1402, 1403, 1414, 1415, 1416, 1417, 1427, 1429, 1430, 1431, 1432, 1435, 1436, 1437, 1440, 1441, 1442, 1443, 1446, 1447, 1450, 1451, 1453, 1454, 1455, 1456, 1458, 1461, 1466, 1469, 1470, 1479, 1480, 1482, 1483, 1485, 1494, 1496, 1505, 1506, 1507, 1508, 1509, 1511, 1513, 1514, 1515, 1517, 1518, 1519, 1522, 1523, 1525, 1534, 1536, 1537, 1538, 1539, 1541, 1542, 1543, 1548, 1549, 1551, 1553, 1555, 1557, 1558, 1559, 1569, 1570, 1571, 1582, 1583, 1584, 1585, 1595, 1596, 1597, 1608, 1609, 1610, 1611, 1621, 1623, 1625, 1626, 1628, 1629, 1639, 1648, 1657, 1658, 1659, 1660, 1661, 1663, 1664, 1666, 1668, 1670, 1672, 1673, 1674, 1684, 1685, 1686, 1697, 1698, 1699, 1700, 1710, 1711, 1712, 1723, 1724, 1725, 1726, 1736, 1738, 1740, 1741, 1747, 1748, 1759, 1760, 1762, 1771, 1780, 1781, 1782, 1783, 1784, 1786, 1787, 1788, 1797, 1798, 1806, 1808, 1810, 1812, 1813, 1814, 1824, 1825, 1826, 1837, 1838, 1839, 1840, 1850, 1851, 1852, 1863, 1864, 1865, 1866, 1876, 1878, 1879, 1880, 1881, 1884, 1885, 1886, 1888, 1889, 1892, 1893, 1894, 1895, 1896, 1898, 1901, 1902, 1903, 1911, 1912, 1913, 1915, 1916, 1917, 1918, 1921, 1931, 1933, 1946, 1947, 1948, 1949, 1950, 1952, 1953, 1955, 1957, 1959, 1960, 1961, 1971, 1972, 1973, 1984, 1985, 1986, 1987, 1997, 1998, 1999, 2010, 2011, 2013, 2014, 2025, 2026, 2036, 2046, 2055, 2056, 2057, 2059, 2060, 2062, 2064, 2066, 2067, 2068, 2078, 2079, 2080, 2091, 2092, 2093, 2094, 2104, 2105, 2106, 2117, 2118, 2120, 2131, 2132, 2133, 2135, 2136, 2138, 2139, 2148, 2149, 2150, 2151, 2152, 2155, 2156, 2159, 2160, 2161, 2164, 2165, 2167, 2173, 2174, 2176, 2185, 2186, 2187], "excluded_lines": []}}}, "src/services/__init__.py": {"executed_lines": [0], "summary": {"covered_lines": 0, "num_statements": 0, "percent_covered": 100.0, "percent_covered_display": "100", "missing_lines": 0, "excluded_lines": 0}, "missing_lines": [], "excluded_lines": [], "functions": {"": {"executed_lines": [], "summary": {"covered_lines": 0, "num_statements": 0, "percent_covered": 100.0, "percent_covered_display": "100", "missing_lines": 0, "excluded_lines": 0}, "missing_lines": [], "excluded_lines": []}}, "classes": {"": {"executed_lines": [], "summary": {"covered_lines": 0, "num_statements": 0, "percent_covered": 100.0, "percent_covered_display": "100", "missing_lines": 0, "excluded_lines": 0}, "missing_lines": [], "excluded_lines": []}}}, "src/services/google_auth.py": {"executed_lines": [1, 4, 5, 6, 7, 8, 9, 10], "summary": {"covered_lines": 7, "num_statements": 155, "percent_covered": 4.516129032258065, "percent_covered_display": "5", "missing_lines": 148, "excluded_lines": 0}, "missing_lines": [12, 13, 14, 16, 18, 21, 22, 23, 24, 25, 27, 28, 29, 31, 32, 34, 36, 37, 47, 48, 49, 50, 52, 54, 55, 60, 70, 71, 73, 74, 76, 78, 79, 84, 86, 89, 92, 94, 96, 97, 98, 99, 100, 105, 107, 108, 109, 121, 122, 123, 128, 130, 131, 132, 137, 139, 140, 141, 146, 147, 148, 153, 155, 156, 157, 162, 164, 165, 166, 167, 168, 170, 171, 177, 179, 181, 183, 186, 187, 191, 192, 195, 203, 204, 209, 212, 213, 214, 215, 218, 220, 222, 224, 225, 226, 227, 228, 234, 237, 238, 240, 242, 243, 247, 248, 249, 255, 256, 260, 262, 264, 265, 266, 267, 268, 273, 274, 278, 280, 281, 282, 284, 285, 287, 288, 290, 291, 297, 300, 304, 308, 309, 310, 311, 313, 314, 316, 317, 321, 322, 323, 329, 330, 332, 334, 341, 342, 343], "excluded_lines": [], "functions": {"GoogleOAuth.__init__": {"executed_lines": [], "summary": {"covered_lines": 0, "num_statements": 9, "percent_covered": 0.0, "percent_covered_display": "0", "missing_lines": 9, "excluded_lines": 0}, "missing_lines": [22, 23, 24, 25, 27, 28, 29, 31, 32], "excluded_lines": []}, "GoogleOAuth._setup_oauth": {"executed_lines": [], "summary": {"covered_lines": 0, "num_statements": 6, "percent_covered": 0.0, "percent_covered_display": "0", "missing_lines": 6, "excluded_lines": 0}, "missing_lines": [36, 37, 47, 48, 49, 50], "excluded_lines": []}, "GoogleOAuth.get_authorization_url": {"executed_lines": [], "summary": {"covered_lines": 0, "num_statements": 7, "percent_covered": 0.0, "percent_covered_display": "0", "missing_lines": 7, "excluded_lines": 0}, "missing_lines": [54, 55, 60, 70, 71, 73, 74], "excluded_lines": []}, "GoogleOAuth.handle_callback": {"executed_lines": [], "summary": {"covered_lines": 0, "num_statements": 12, "percent_covered": 0.0, "percent_covered_display": "0", "missing_lines": 12, "excluded_lines": 0}, "missing_lines": [78, 79, 84, 86, 89, 92, 94, 96, 97, 98, 99, 100], "excluded_lines": []}, "GoogleOAuth._exchange_code_for_tokens": {"executed_lines": [], "summary": {"covered_lines": 0, "num_statements": 10, "percent_covered": 0.0, "percent_covered_display": "0", "missing_lines": 10, "excluded_lines": 0}, "missing_lines": [107, 108, 109, 121, 122, 123, 128, 130, 131, 132], "excluded_lines": []}, "GoogleOAuth._get_google_user_info": {"executed_lines": [], "summary": {"covered_lines": 0, "num_statements": 10, "percent_covered": 0.0, "percent_covered_display": "0", "missing_lines": 10, "excluded_lines": 0}, "missing_lines": [139, 140, 141, 146, 147, 148, 153, 155, 156, 157], "excluded_lines": []}, "GoogleOAuth._process_google_user": {"executed_lines": [], "summary": {"covered_lines": 0, "num_statements": 31, "percent_covered": 0.0, "percent_covered_display": "0", "missing_lines": 31, "excluded_lines": 0}, "missing_lines": [164, 165, 166, 167, 168, 170, 171, 177, 179, 181, 183, 186, 187, 191, 192, 195, 203, 204, 209, 212, 213, 214, 215, 218, 220, 222, 224, 225, 226, 227, 228], "excluded_lines": []}, "google_login": {"executed_lines": [], "summary": {"covered_lines": 0, "num_statements": 12, "percent_covered": 0.0, "percent_covered_display": "0", "missing_lines": 12, "excluded_lines": 0}, "missing_lines": [247, 248, 249, 255, 256, 260, 262, 264, 265, 266, 267, 268], "excluded_lines": []}, "google_callback": {"executed_lines": [], "summary": {"covered_lines": 0, "num_statements": 19, "percent_covered": 0.0, "percent_covered_display": "0", "missing_lines": 19, "excluded_lines": 0}, "missing_lines": [278, 280, 281, 282, 284, 285, 287, 288, 290, 291, 297, 300, 304, 308, 309, 310, 311, 313, 314], "excluded_lines": []}, "get_google_auth_url": {"executed_lines": [], "summary": {"covered_lines": 0, "num_statements": 10, "percent_covered": 0.0, "percent_covered_display": "0", "missing_lines": 10, "excluded_lines": 0}, "missing_lines": [321, 322, 323, 329, 330, 332, 334, 341, 342, 343], "excluded_lines": []}, "": {"executed_lines": [1, 4, 5, 6, 7, 8, 9, 10], "summary": {"covered_lines": 7, "num_statements": 29, "percent_covered": 24.137931034482758, "percent_covered_display": "24", "missing_lines": 22, "excluded_lines": 0}, "missing_lines": [12, 13, 14, 16, 18, 21, 34, 52, 76, 105, 137, 162, 234, 237, 238, 240, 242, 243, 273, 274, 316, 317], "excluded_lines": []}}, "classes": {"GoogleOAuth": {"executed_lines": [], "summary": {"covered_lines": 0, "num_statements": 85, "percent_covered": 0.0, "percent_covered_display": "0", "missing_lines": 85, "excluded_lines": 0}, "missing_lines": [22, 23, 24, 25, 27, 28, 29, 31, 32, 36, 37, 47, 48, 49, 50, 54, 55, 60, 70, 71, 73, 74, 78, 79, 84, 86, 89, 92, 94, 96, 97, 98, 99, 100, 107, 108, 109, 121, 122, 123, 128, 130, 131, 132, 139, 140, 141, 146, 147, 148, 153, 155, 156, 157, 164, 165, 166, 167, 168, 170, 171, 177, 179, 181, 183, 186, 187, 191, 192, 195, 203, 204, 209, 212, 213, 214, 215, 218, 220, 222, 224, 225, 226, 227, 228], "excluded_lines": []}, "": {"executed_lines": [1, 4, 5, 6, 7, 8, 9, 10], "summary": {"covered_lines": 7, "num_statements": 70, "percent_covered": 10.0, "percent_covered_display": "10", "missing_lines": 63, "excluded_lines": 0}, "missing_lines": [12, 13, 14, 16, 18, 21, 34, 52, 76, 105, 137, 162, 234, 237, 238, 240, 242, 243, 247, 248, 249, 255, 256, 260, 262, 264, 265, 266, 267, 268, 273, 274, 278, 280, 281, 282, 284, 285, 287, 288, 290, 291, 297, 300, 304, 308, 309, 310, 311, 313, 314, 316, 317, 321, 322, 323, 329, 330, 332, 334, 341, 342, 343], "excluded_lines": []}}}}, "totals": {"covered_lines": 168, "num_statements": 1946, "percent_covered": 8.633093525179856, "percent_covered_display": "9", "missing_lines": 1778, "excluded_lines": 0}}